<?xml version="1.0" encoding="UTF-8"?>
<!-- Generated by org.testng.reporters.JUnitReportReporter -->
<testsuite hostname="Prashant" failures="0" tests="1" name="Sample.Sample1" time="0.012" errors="0" timestamp="2023-04-10T16:30:08 IST" skipped="0">
  <testcase classname="Sample.Sample1" name="sampleTest" time="0.012"/>
  <system-out/>
</testsuite> <!-- Sample.Sample1 -->
