<?xml version="1.0" encoding="UTF-8"?>
<!-- Generated by org.testng.reporters.JUnitReportReporter -->
<testsuite hostname="Prashant" failures="0" tests="1" name="demo.CreateOrg" time="0.008" errors="0" timestamp="2023-04-08T01:09:49 IST" skipped="0">
  <testcase classname="demo.CreateOrg" name="test1" time="0.008"/>
  <system-out/>
</testsuite> <!-- demo.CreateOrg -->
